2026-02-23 03:12:06,651 4 INFO krill-energy-prueba-27822700 werkzeug: 91.109.163.134 - - [23/Feb/2026 03:12:06] "POST /web/dataset/call_kw/account.move/name_search HTTP/1.0" 200 - 3 0.002 0.004
2026-02-23 03:12:07,546 4 INFO krill-energy-prueba-27822700 werkzeug: 91.109.163.134 - - [23/Feb/2026 03:12:07] "POST /web/dataset/call_kw/account.retention.line/onchange HTTP/1.0" 200 - 2 0.001 0.006
2026-02-23 03:12:07,692 4 ERROR krill-energy-prueba-27822700 odoo.http: Exception during request handling. 
Traceback (most recent call last):
  File "/home/odoo/src/odoo/odoo/http.py", line 2576, in __call__
    response = request._serve_db()
               ^^^^^^^^^^^^^^^^^^^
  File "/home/odoo/src/odoo/odoo/http.py", line 2103, in _serve_db
    return self._transactioning(
           ^^^^^^^^^^^^^^^^^^^^^
  File "/home/odoo/src/odoo/odoo/http.py", line 2166, in _transactioning
    return service_model.retrying(func, env=self.env)
           ^^^^^^^^^^^^^^^^^^^^^^^^^^^^^^^^^^^^^^^^^^
--
2026-02-23 03:16:42,540 4 INFO krill-energy-prueba-27822700 werkzeug: 91.109.163.134 - - [23/Feb/2026 03:16:42] "POST /web/dataset/call_kw/account.move/name_search HTTP/1.0" 200 - 3 0.002 0.005
2026-02-23 03:16:43,445 4 INFO krill-energy-prueba-27822700 werkzeug: 91.109.163.134 - - [23/Feb/2026 03:16:43] "POST /web/dataset/call_kw/account.retention.line/onchange HTTP/1.0" 200 - 2 0.001 0.006
2026-02-23 03:16:43,587 4 ERROR krill-energy-prueba-27822700 odoo.http: Exception during request handling. 
Traceback (most recent call last):
  File "/home/odoo/src/odoo/odoo/http.py", line 2576, in __call__
    response = request._serve_db()
               ^^^^^^^^^^^^^^^^^^^
  File "/home/odoo/src/odoo/odoo/http.py", line 2103, in _serve_db
    return self._transactioning(
           ^^^^^^^^^^^^^^^^^^^^^
  File "/home/odoo/src/odoo/odoo/http.py", line 2166, in _transactioning
    return service_model.retrying(func, env=self.env)
           ^^^^^^^^^^^^^^^^^^^^^^^^^^^^^^^^^^^^^^^^^^
