Traceback (most recent call last):
  File "/home/odoo/src/odoo/odoo/http.py", line 2576, in __call__
    response = request._serve_db()
               ^^^^^^^^^^^^^^^^^^^
  File "/home/odoo/src/odoo/odoo/http.py", line 2103, in _serve_db
    return self._transactioning(
           ^^^^^^^^^^^^^^^^^^^^^
  File "/home/odoo/src/odoo/odoo/http.py", line 2166, in _transactioning
    return service_model.retrying(func, env=self.env)
           ^^^^^^^^^^^^^^^^^^^^^^^^^^^^^^^^^^^^^^^^^^
  File "/home/odoo/src/odoo/odoo/service/model.py", line 157, in retrying
    result = func()
             ^^^^^^
  File "/home/odoo/src/odoo/odoo/http.py", line 2133, in _serve_ir_http
    response = self.dispatcher.dispatch(rule.endpoint, args)
               ^^^^^^^^^^^^^^^^^^^^^^^^^^^^^^^^^^^^^^^^^^^^^
  File "/home/odoo/src/odoo/odoo/http.py", line 2381, in dispatch
    result = self.request.registry['ir.http']._dispatch(endpoint)
             ^^^^^^^^^^^^^^^^^^^^^^^^^^^^^^^^^^^^^^^^^^^^^^^^^^^^
  File "/home/odoo/src/odoo/odoo/addons/base/models/ir_http.py", line 333, in _dispatch
    result = endpoint(**request.params)
             ^^^^^^^^^^^^^^^^^^^^^^^^^^
  File "/home/odoo/src/odoo/odoo/http.py", line 754, in route_wrapper
    result = endpoint(self, *args, **params_ok)
             ^^^^^^^^^^^^^^^^^^^^^^^^^^^^^^^^^^
  File "/home/odoo/src/odoo/addons/web/controllers/dataset.py", line 36, in call_kw
    return call_kw(request.env[model], method, args, kwargs)
           ^^^^^^^^^^^^^^^^^^^^^^^^^^^^^^^^^^^^^^^^^^^^^^^^^
  File "/home/odoo/src/odoo/odoo/api.py", line 535, in call_kw
    result = getattr(recs, name)(*args, **kwargs)
             ^^^^^^^^^^^^^^^^^^^^^^^^^^^^^^^^^^^^
--
Traceback (most recent call last):
  File "/home/odoo/src/odoo/odoo/http.py", line 2576, in __call__
    response = request._serve_db()
               ^^^^^^^^^^^^^^^^^^^
  File "/home/odoo/src/odoo/odoo/http.py", line 2103, in _serve_db
    return self._transactioning(
           ^^^^^^^^^^^^^^^^^^^^^
  File "/home/odoo/src/odoo/odoo/http.py", line 2166, in _transactioning
    return service_model.retrying(func, env=self.env)
           ^^^^^^^^^^^^^^^^^^^^^^^^^^^^^^^^^^^^^^^^^^
  File "/home/odoo/src/odoo/odoo/service/model.py", line 157, in retrying
    result = func()
             ^^^^^^
  File "/home/odoo/src/odoo/odoo/http.py", line 2133, in _serve_ir_http
    response = self.dispatcher.dispatch(rule.endpoint, args)
               ^^^^^^^^^^^^^^^^^^^^^^^^^^^^^^^^^^^^^^^^^^^^^
  File "/home/odoo/src/odoo/odoo/http.py", line 2381, in dispatch
    result = self.request.registry['ir.http']._dispatch(endpoint)
             ^^^^^^^^^^^^^^^^^^^^^^^^^^^^^^^^^^^^^^^^^^^^^^^^^^^^
  File "/home/odoo/src/odoo/odoo/addons/base/models/ir_http.py", line 333, in _dispatch
    result = endpoint(**request.params)
             ^^^^^^^^^^^^^^^^^^^^^^^^^^
  File "/home/odoo/src/odoo/odoo/http.py", line 754, in route_wrapper
    result = endpoint(self, *args, **params_ok)
             ^^^^^^^^^^^^^^^^^^^^^^^^^^^^^^^^^^
  File "/home/odoo/src/odoo/addons/web/controllers/dataset.py", line 36, in call_kw
    return call_kw(request.env[model], method, args, kwargs)
           ^^^^^^^^^^^^^^^^^^^^^^^^^^^^^^^^^^^^^^^^^^^^^^^^^
  File "/home/odoo/src/odoo/odoo/api.py", line 535, in call_kw
    result = getattr(recs, name)(*args, **kwargs)
             ^^^^^^^^^^^^^^^^^^^^^^^^^^^^^^^^^^^^
