-------------------------------------------------------------------------------
Executed command: odoo-bin --stop-after-init --log-db krill-energy-prueba-28942663 --http-interface=127.0.0.1 -u l10n_ve_payment_extension --without-demo=all 
-------------------------------------------------------------------------------
2026-02-23 14:55:32,650 4 INFO ? odoo: Odoo version 18.0 
2026-02-23 14:55:32,650 4 INFO ? odoo: Using configuration file at /home/odoo/.config/odoo/odoo.conf 
2026-02-23 14:55:32,650 4 INFO ? odoo: addons paths: ['/home/odoo/src/odoo/odoo/addons', '/home/odoo/.local/share/Odoo/addons/18.0', '/home/odoo/src/odoo/addons', '/home/odoo/src/enterprise', '/home/odoo/src/themes', '/home/odoo/src/user/nerdop44/lov18resp1', '/home/odoo/data/addons/18.0'] 
2026-02-23 14:55:32,651 4 INFO ? odoo: database: p_krill_energy_prueba_28942663@192.168.1.1:5432 
2026-02-23 14:55:32,661 4 INFO ? odoo: Could not determine if database krill-energy-prueba-28942663 exists, skipping auto-creation: permission denied for table pg_database
 
Warn: Can't find .pfb for face 'Courier'
2026-02-23 14:55:32,838 4 INFO ? odoo.addons.base.models.ir_actions_report: Will use the Wkhtmltopdf binary at /opt/odoo.sh/odoosh/bin/wkhtmltopdf 
2026-02-23 14:55:32,906 4 INFO ? odoo.addons.base.models.ir_actions_report: Will use the Wkhtmltoimage binary at /usr/local/bin/wkhtmltoimage 
2026-02-23 14:55:33,142 4 INFO krill-energy-prueba-28942663 odoo.modules.loading: loading 1 modules... 
2026-02-23 14:55:33,172 4 INFO krill-energy-prueba-28942663 odoo.modules.loading: 1 modules loaded in 0.03s, 0 queries (+0 extra) 
2026-02-23 14:55:33,189 4 INFO krill-energy-prueba-28942663 odoo.modules.loading: updating modules list 
2026-02-23 14:55:33,191 4 INFO krill-energy-prueba-28942663 odoo.addons.base.models.ir_module: ALLOW access to module.update_list on [] to user __system__ #1 via n/a 
2026-02-23 14:55:34,655 4 INFO krill-energy-prueba-28942663 odoo.addons.base.models.ir_module: ALLOW access to module.button_upgrade on ['Binaural Retenciones'] to user __system__ #1 via n/a 
2026-02-23 14:55:34,655 4 INFO krill-energy-prueba-28942663 odoo.addons.base.models.ir_module: ALLOW access to module.update_list on ['Binaural Retenciones'] to user __system__ #1 via n/a 
2026-02-23 14:55:35,678 4 INFO krill-energy-prueba-28942663 odoo.addons.base.models.ir_module: ALLOW access to module.button_install on [] to user __system__ #1 via n/a 
2026-02-23 14:55:35,720 4 INFO krill-energy-prueba-28942663 odoo.modules.loading: loading 212 modules... 
2026-02-23 14:55:38,169 4 INFO krill-energy-prueba-28942663 odoo.modules.loading: Loading module l10n_ve_payment_extension (204/212) 
2026-02-23 14:55:39,142 4 INFO krill-energy-prueba-28942663 odoo.modules.registry: module l10n_ve_payment_extension: creating or updating database tables 
2026-02-23 14:55:39,576 4 INFO krill-energy-prueba-28942663 odoo.modules.loading: loading l10n_ve_payment_extension/security/ir.model.access.csv 
2026-02-23 14:55:40,426 4 INFO krill-energy-prueba-28942663 odoo.modules.loading: loading l10n_ve_payment_extension/security/ir_rule.xml 
2026-02-23 14:55:40,438 4 INFO krill-energy-prueba-28942663 odoo.modules.loading: loading l10n_ve_payment_extension/data/sequence_data.xml 
2026-02-23 14:55:40,441 4 INFO krill-energy-prueba-28942663 odoo.modules.loading: loading l10n_ve_payment_extension/data/type_person_data.xml 
2026-02-23 14:55:40,448 4 INFO krill-energy-prueba-28942663 odoo.modules.loading: loading l10n_ve_payment_extension/data/account_withholding_type_data.xml 
2026-02-23 14:55:40,451 4 INFO krill-energy-prueba-28942663 odoo.modules.loading: loading l10n_ve_payment_extension/data/report_paperformat_data.xml 
2026-02-23 14:55:40,453 4 INFO krill-energy-prueba-28942663 odoo.modules.loading: loading l10n_ve_payment_extension/data/tax_unit_data.xml 
2026-02-23 14:55:40,455 4 INFO krill-energy-prueba-28942663 odoo.modules.loading: loading l10n_ve_payment_extension/data/fees_retention_data.xml 
2026-02-23 14:55:40,459 4 INFO krill-energy-prueba-28942663 odoo.modules.loading: loading l10n_ve_payment_extension/data/payment_concept_data.xml 
2026-02-23 14:55:40,464 4 INFO krill-energy-prueba-28942663 odoo.modules.loading: loading l10n_ve_payment_extension/report/retention_line_report_views.xml 
2026-02-23 14:55:40,492 4 INFO krill-energy-prueba-28942663 odoo.modules.loading: loading l10n_ve_payment_extension/report/retention_voucher_templates.xml 
2026-02-23 14:55:40,515 4 INFO krill-energy-prueba-28942663 odoo.modules.loading: loading l10n_ve_payment_extension/report/retention_voucher_reports.xml 
2026-02-23 14:55:40,520 4 INFO krill-energy-prueba-28942663 odoo.modules.loading: loading l10n_ve_payment_extension/report/arcv_report.xml 
2026-02-23 14:55:40,529 4 INFO krill-energy-prueba-28942663 odoo.modules.loading: loading l10n_ve_payment_extension/views/ir_sequence.xml 
2026-02-23 14:55:40,534 4 INFO krill-energy-prueba-28942663 odoo.modules.loading: loading l10n_ve_payment_extension/views/res_config_settings.xml 
2026-02-23 14:55:40,616 4 INFO krill-energy-prueba-28942663 odoo.modules.loading: loading l10n_ve_payment_extension/views/tax_unit.xml 
2026-02-23 14:55:40,631 4 INFO krill-energy-prueba-28942663 odoo.modules.loading: loading l10n_ve_payment_extension/views/fees_retention.xml 
2026-02-23 14:55:40,649 4 INFO krill-energy-prueba-28942663 odoo.modules.loading: loading l10n_ve_payment_extension/views/economic_activity.xml 
2026-02-23 14:55:40,661 4 INFO krill-energy-prueba-28942663 odoo.modules.loading: loading l10n_ve_payment_extension/views/economic_branch.xml 
2026-02-23 14:55:40,676 4 INFO krill-energy-prueba-28942663 odoo.modules.loading: loading l10n_ve_payment_extension/views/payment_concept.xml 
2026-02-23 14:55:40,692 4 INFO krill-energy-prueba-28942663 odoo.modules.loading: loading l10n_ve_payment_extension/views/product.xml 
2026-02-23 14:55:40,717 4 INFO krill-energy-prueba-28942663 odoo.modules.loading: loading l10n_ve_payment_extension/views/product_category.xml 
2026-02-23 14:55:40,734 4 INFO krill-energy-prueba-28942663 odoo.modules.loading: loading l10n_ve_payment_extension/views/res_company.xml 
2026-02-23 14:55:40,746 4 INFO krill-energy-prueba-28942663 odoo.modules.loading: loading l10n_ve_payment_extension/views/signature_config.xml 
2026-02-23 14:55:40,760 4 INFO krill-energy-prueba-28942663 odoo.modules.loading: loading l10n_ve_payment_extension/views/type_withholding.xml 
2026-02-23 14:55:40,772 4 INFO krill-energy-prueba-28942663 odoo.modules.loading: loading l10n_ve_payment_extension/views/account_retention_line.xml 
2026-02-23 14:55:40,782 4 INFO krill-energy-prueba-28942663 odoo.modules.loading: loading l10n_ve_payment_extension/views/account_retention_iva.xml 
2026-02-23 14:55:41,008 4 INFO krill-energy-prueba-28942663 odoo.models.unlink: User #1 deleted ir.actions.act_window.view records with IDs: [1103, 1104] 
2026-02-23 14:55:41,017 4 INFO krill-energy-prueba-28942663 odoo.models.unlink: User #1 deleted ir.actions.act_window.view records with IDs: [1105, 1106] 
2026-02-23 14:55:41,021 4 INFO krill-energy-prueba-28942663 odoo.modules.loading: loading l10n_ve_payment_extension/views/account_retention_municipal.xml 
2026-02-23 14:55:41,047 4 INFO krill-energy-prueba-28942663 odoo.models.unlink: User #1 deleted ir.actions.act_window.view records with IDs: [1107, 1108] 
2026-02-23 14:55:41,054 4 INFO krill-energy-prueba-28942663 odoo.models.unlink: User #1 deleted ir.actions.act_window.view records with IDs: [1109, 1110] 
2026-02-23 14:55:41,057 4 INFO krill-energy-prueba-28942663 odoo.modules.loading: loading l10n_ve_payment_extension/views/account_payment.xml 
2026-02-23 14:55:41,075 4 INFO krill-energy-prueba-28942663 odoo.modules.loading: loading l10n_ve_payment_extension/views/res_partner.xml 
2026-02-23 14:55:41,109 4 INFO krill-energy-prueba-28942663 odoo.modules.loading: loading l10n_ve_payment_extension/views/account_move.xml 
2026-02-23 14:55:41,175 4 INFO krill-energy-prueba-28942663 odoo.modules.loading: loading l10n_ve_payment_extension/views/account_retention_islr.xml 
2026-02-23 14:55:41,187 4 INFO krill-energy-prueba-28942663 odoo.modules.loading: loading l10n_ve_payment_extension/wizard/account_payment_register.xml 
2026-02-23 14:55:41,202 4 INFO krill-energy-prueba-28942663 odoo.modules.loading: loading l10n_ve_payment_extension/wizard/arcv_report.xml 
2026-02-23 14:55:41,209 4 INFO krill-energy-prueba-28942663 odoo.modules.loading: loading l10n_ve_payment_extension/wizard/municipal_retention_xlsx_report.xml 
2026-02-23 14:55:41,218 4 INFO krill-energy-prueba-28942663 odoo.modules.loading: loading l10n_ve_payment_extension/wizard/municipal_retention_patent_report.xml 
2026-02-23 14:55:41,226 4 INFO krill-energy-prueba-28942663 odoo.modules.loading: loading l10n_ve_payment_extension/wizard/wizard_retention_islr.xml 
2026-02-23 14:55:41,233 4 INFO krill-energy-prueba-28942663 odoo.modules.loading: loading l10n_ve_payment_extension/wizard/wizard_retention_iva.xml 
2026-02-23 14:55:41,242 4 INFO krill-energy-prueba-28942663 odoo.modules.loading: loading l10n_ve_payment_extension/views/menu.xml 
2026-02-23 14:55:41,352 4 INFO krill-energy-prueba-28942663 odoo.addons.base.models.ir_module: module l10n_ve_payment_extension: loading translation file /home/odoo/src/user/nerdop44/lov18resp1/l10n_ve_payment_extension/i18n/es_VE.po for language es_VE 
2026-02-23 14:55:41,352 4 INFO krill-energy-prueba-28942663 odoo.tools.translate: loading base translation file /home/odoo/src/user/nerdop44/lov18resp1/l10n_ve_payment_extension/i18n/es_VE.po for language es_VE 
2026-02-23 14:55:41,360 4 INFO krill-energy-prueba-28942663 odoo.addons.base.models.ir_module: module l10n_ve_payment_extension: no translation for language es_ES 
2026-02-23 14:55:41,407 4 INFO krill-energy-prueba-28942663 odoo.modules.loading: Module l10n_ve_payment_extension loaded in 3.24s, 1427 queries (+1427 other) 
2026-02-23 14:55:41,446 4 INFO krill-energy-prueba-28942663 odoo.modules.loading: 212 modules loaded in 5.73s, 1427 queries (+1427 extra) 
2026-02-23 14:55:41,449 4 INFO krill-energy-prueba-28942663 odoo.modules.loading: loading 212 modules... 
2026-02-23 14:55:41,449 4 INFO krill-energy-prueba-28942663 odoo.modules.loading: 212 modules loaded in 0.00s, 0 queries (+0 extra) 
2026-02-23 14:55:41,451 4 INFO krill-energy-prueba-28942663 odoo.modules.loading: loading 212 modules... 
2026-02-23 14:55:41,452 4 INFO krill-energy-prueba-28942663 odoo.modules.loading: 212 modules loaded in 0.00s, 0 queries (+0 extra) 
2026-02-23 14:55:42,101 4 INFO krill-energy-prueba-28942663 odoo.modules.registry: verifying fields for every extended model 
2026-02-23 14:55:43,054 4 INFO krill-energy-prueba-28942663 odoo.modules.loading: Modules loaded. 
2026-02-23 14:55:43,074 4 INFO krill-energy-prueba-28942663 odoo.modules.registry: Registry changed, signaling through the database 
2026-02-23 14:55:43,074 4 INFO krill-energy-prueba-28942663 odoo.modules.registry: Registry loaded in 9.945s 
2026-02-23 14:55:43,075 4 INFO krill-energy-prueba-28942663 odoo.service.server: Initiating shutdown 
2026-02-23 14:55:43,075 4 INFO krill-energy-prueba-28942663 odoo.service.server: Hit CTRL-C again or send a second signal to force the shutdown. 
2026-02-23 14:55:43,075 4 INFO krill-energy-prueba-28942663 odoo.sql_db: ConnectionPool(read/write;used=0/count=0/max=16): Closed 1 connections  
